# JRE version: Java(TM) SE Runtime Environment (7.0_80-b15) (build 1.7.0_80-b15)
# Java VM: Java HotSpot(TM) 64-Bit Server VM (24.80-b11 mixed mode windows-amd64 compressed oops)
Heap
 PSYoungGen      total 294400K, used 278592K [0x00000000eaa80000, 0x0000000100000000, 0x0000000100000000)
  eden space 245760K, 94% used [0x00000000eaa80000,0x00000000f8dcd920,0x00000000f9a80000)
  from space 48640K, 94% used [0x00000000f9a80000,0x00000000fc742780,0x00000000fca00000)
  to   space 53760K, 0% used [0x00000000fcb80000,0x00000000fcb80000,0x0000000100000000)
 ParOldGen       total 241664K, used 143430K [0x00000000c0000000, 0x00000000cec00000, 0x00000000eaa80000)
  object space 241664K, 59% used [0x00000000c0000000,0x00000000c8c118b8,0x00000000cec00000)
 PSPermGen       total 229376K, used 217181K [0x00000000b0000000, 0x00000000be000000, 0x00000000c0000000)
  object space 229376K, 94% used [0x00000000b0000000,0x00000000bd417718,0x00000000be000000)
GC Heap History (10 events):
Event: 3826.368 GC heap before
{Heap before GC invocations=67 (full 12):
 PSYoungGen      total 258048K, used 24563K [0x00000000eaa80000, 0x00000000ff600000, 0x0000000100000000)
  eden space 233472K, 0% used [0x00000000eaa80000,0x00000000eaa80000,0x00000000f8e80000)
  from space 24576K, 99% used [0x00000000f8e80000,0x00000000fa67ce48,0x00000000fa680000)
  to   space 52224K, 0% used [0x00000000fc300000,0x00000000fc300000,0x00000000ff600000)
 ParOldGen       total 241664K, used 124239K [0x00000000c0000000, 0x00000000cec00000, 0x00000000eaa80000)
  object space 241664K, 51% used [0x00000000c0000000,0x00000000c7953cf0,0x00000000cec00000)
 PSPermGen       total 219136K, used 194545K [0x00000000b0000000, 0x00000000bd600000, 0x00000000c0000000)
  object space 219136K, 88% used [0x00000000b0000000,0x00000000bbdfc460,0x00000000bd600000)
Event: 3827.262 GC heap after
Heap after GC invocations=67 (full 12):
 PSYoungGen      total 258048K, used 0K [0x00000000eaa80000, 0x00000000ff600000, 0x0000000100000000)
  eden space 233472K, 0% used [0x00000000eaa80000,0x00000000eaa80000,0x00000000f8e80000)
  from space 24576K, 0% used [0x00000000f8e80000,0x00000000f8e80000,0x00000000fa680000)
  to   space 52224K, 0% used [0x00000000fc300000,0x00000000fc300000,0x00000000ff600000)
 ParOldGen       total 241664K, used 143430K [0x00000000c0000000, 0x00000000cec00000, 0x00000000eaa80000)
  object space 241664K, 59% used [0x00000000c0000000,0x00000000c8c118b8,0x00000000cec00000)
 PSPermGen       total 229376K, used 194392K [0x00000000b0000000, 0x00000000be000000, 0x00000000c0000000)
  object space 229376K, 84% used [0x00000000b0000000,0x00000000bbdd60c8,0x00000000be000000)
}
Event: 3831.444 GC heap before
{Heap before GC invocations=68 (full 12):
 PSYoungGen      total 258048K, used 233472K [0x00000000eaa80000, 0x00000000ff600000, 0x0000000100000000)
  eden space 233472K, 100% used [0x00000000eaa80000,0x00000000f8e80000,0x00000000f8e80000)
  from space 24576K, 0% used [0x00000000f8e80000,0x00000000f8e80000,0x00000000fa680000)
  to   space 52224K, 0% used [0x00000000fc300000,0x00000000fc300000,0x00000000ff600000)
 ParOldGen       total 241664K, used 143430K [0x00000000c0000000, 0x00000000cec00000, 0x00000000eaa80000)
  object space 241664K, 59% used [0x00000000c0000000,0x00000000c8c118b8,0x00000000cec00000)
 PSPermGen       total 229376K, used 201807K [0x00000000b0000000, 0x00000000be000000, 0x00000000c0000000)
  object space 229376K, 87% used [0x00000000b0000000,0x00000000bc513e28,0x00000000be000000)
Event: 3831.467 GC heap after
Heap after GC invocations=68 (full 12):
 PSYoungGen      total 289792K, used 24853K [0x00000000eaa80000, 0x00000000ff800000, 0x0000000100000000)
  eden space 237568K, 0% used [0x00000000eaa80000,0x00000000eaa80000,0x00000000f9280000)
  from space 52224K, 47% used [0x00000000fc300000,0x00000000fdb45410,0x00000000ff600000)
  to   space 49664K, 0% used [0x00000000f9280000,0x00000000f9280000,0x00000000fc300000)
 ParOldGen       total 241664K, used 143430K [0x00000000c0000000, 0x00000000cec00000, 0x00000000eaa80000)
  object space 241664K, 59% used [0x00000000c0000000,0x00000000c8c118b8,0x00000000cec00000)
 PSPermGen       total 229376K, used 201807K [0x00000000b0000000, 0x00000000be000000, 0x00000000c0000000)
  object space 229376K, 87% used [0x00000000b0000000,0x00000000bc513e28,0x00000000be000000)
}
Event: 3885.631 GC heap before
{Heap before GC invocations=69 (full 12):
 PSYoungGen      total 289792K, used 262421K [0x00000000eaa80000, 0x00000000ff800000, 0x0000000100000000)
  eden space 237568K, 100% used [0x00000000eaa80000,0x00000000f9280000,0x00000000f9280000)
  from space 52224K, 47% used [0x00000000fc300000,0x00000000fdb45410,0x00000000ff600000)
  to   space 49664K, 0% used [0x00000000f9280000,0x00000000f9280000,0x00000000fc300000)
 ParOldGen       total 241664K, used 143430K [0x00000000c0000000, 0x00000000cec00000, 0x00000000eaa80000)
  object space 241664K, 59% used [0x00000000c0000000,0x00000000c8c118b8,0x00000000cec00000)
 PSPermGen       total 229376K, used 202305K [0x00000000b0000000, 0x00000000be000000, 0x00000000c0000000)
  object space 229376K, 88% used [0x00000000b0000000,0x00000000bc5905b8,0x00000000be000000)
Event: 3885.735 GC heap after
Heap after GC invocations=69 (full 12):
 PSYoungGen      total 287232K, used 14983K [0x00000000eaa80000, 0x00000000ffa00000, 0x0000000100000000)
  eden space 237568K, 0% used [0x00000000eaa80000,0x00000000eaa80000,0x00000000f9280000)
  from space 49664K, 30% used [0x00000000f9280000,0x00000000fa121f70,0x00000000fc300000)
  to   space 49152K, 0% used [0x00000000fca00000,0x00000000fca00000,0x00000000ffa00000)
 ParOldGen       total 241664K, used 143430K [0x00000000c0000000, 0x00000000cec00000, 0x00000000eaa80000)
  object space 241664K, 59% used [0x00000000c0000000,0x00000000c8c118b8,0x00000000cec00000)
 PSPermGen       total 229376K, used 202305K [0x00000000b0000000, 0x00000000be000000, 0x00000000c0000000)
  object space 229376K, 88% used [0x00000000b0000000,0x00000000bc5905b8,0x00000000be000000)
}
Event: 3887.146 GC heap before
{Heap before GC invocations=70 (full 12):
 PSYoungGen      total 287232K, used 252551K [0x00000000eaa80000, 0x00000000ffa00000, 0x0000000100000000)
  eden space 237568K, 100% used [0x00000000eaa80000,0x00000000f9280000,0x00000000f9280000)
  from space 49664K, 30% used [0x00000000f9280000,0x00000000fa121f70,0x00000000fc300000)
  to   space 49152K, 0% used [0x00000000fca00000,0x00000000fca00000,0x00000000ffa00000)
 ParOldGen       total 241664K, used 143430K [0x00000000c0000000, 0x00000000cec00000, 0x00000000eaa80000)
  object space 241664K, 59% used [0x00000000c0000000,0x00000000c8c118b8,0x00000000cec00000)
 PSPermGen       total 229376K, used 208037K [0x00000000b0000000, 0x00000000be000000, 0x00000000c0000000)
  object space 229376K, 90% used [0x00000000b0000000,0x00000000bcb29660,0x00000000be000000)
Event: 3887.171 GC heap after
Heap after GC invocations=70 (full 12):
 PSYoungGen      total 294912K, used 29216K [0x00000000eaa80000, 0x00000000ffd80000, 0x0000000100000000)
  eden space 245760K, 0% used [0x00000000eaa80000,0x00000000eaa80000,0x00000000f9a80000)
  from space 49152K, 59% used [0x00000000fca00000,0x00000000fe688000,0x00000000ffa00000)
  to   space 48640K, 0% used [0x00000000f9a80000,0x00000000f9a80000,0x00000000fca00000)
 ParOldGen       total 241664K, used 143430K [0x00000000c0000000, 0x00000000cec00000, 0x00000000eaa80000)
  object space 241664K, 59% used [0x00000000c0000000,0x00000000c8c118b8,0x00000000cec00000)
 PSPermGen       total 229376K, used 208037K [0x00000000b0000000, 0x00000000be000000, 0x00000000c0000000)
  object space 229376K, 90% used [0x00000000b0000000,0x00000000bcb29660,0x00000000be000000)
}
Event: 3900.586 GC heap before
{Heap before GC invocations=71 (full 12):
 PSYoungGen      total 294912K, used 274976K [0x00000000eaa80000, 0x00000000ffd80000, 0x0000000100000000)
  eden space 245760K, 100% used [0x00000000eaa80000,0x00000000f9a80000,0x00000000f9a80000)
  from space 49152K, 59% used [0x00000000fca00000,0x00000000fe688000,0x00000000ffa00000)
  to   space 48640K, 0% used [0x00000000f9a80000,0x00000000f9a80000,0x00000000fca00000)
 ParOldGen       total 241664K, used 143430K [0x00000000c0000000, 0x00000000cec00000, 0x00000000eaa80000)
  object space 241664K, 59% used [0x00000000c0000000,0x00000000c8c118b8,0x00000000cec00000)
 PSPermGen       total 229376K, used 215432K [0x00000000b0000000, 0x00000000be000000, 0x00000000c0000000)
  object space 229376K, 93% used [0x00000000b0000000,0x00000000bd2621c8,0x00000000be000000)
Event: 3900.629 GC heap after
Heap after GC invocations=71 (full 12):
 PSYoungGen      total 294400K, used 45833K [0x00000000eaa80000, 0x0000000100000000, 0x0000000100000000)
  eden space 245760K, 0% used [0x00000000eaa80000,0x00000000eaa80000,0x00000000f9a80000)
  from space 48640K, 94% used [0x00000000f9a80000,0x00000000fc742780,0x00000000fca00000)
  to   space 53760K, 0% used [0x00000000fcb80000,0x00000000fcb80000,0x0000000100000000)
 ParOldGen       total 241664K, used 143430K [0x00000000c0000000, 0x00000000cec00000, 0x00000000eaa80000)
  object space 241664K, 59% used [0x00000000c0000000,0x00000000c8c118b8,0x00000000cec00000)
 PSPermGen       total 229376K, used 215432K [0x00000000b0000000, 0x00000000be000000, 0x00000000c0000000)
  object space 229376K, 93% used [0x00000000b0000000,0x00000000bd2621c8,0x00000000be000000)
}

