# JRE version: Java(TM) SE Runtime Environment (7.0_80-b15) (build 1.7.0_80-b15)
# Java VM: Java HotSpot(TM) 64-Bit Server VM (24.80-b11 mixed mode windows-amd64 compressed oops)
Heap
 PSYoungGen      total 324608K, used 245629K [0x00000000eaa80000, 0x0000000100000000, 0x0000000100000000)
  eden space 300544K, 81% used [0x00000000eaa80000,0x00000000f9a5f708,0x00000000fd000000)
  from space 24064K, 0% used [0x00000000fe880000,0x00000000fe880000,0x0000000100000000)
  to   space 24576K, 0% used [0x00000000fd000000,0x00000000fd000000,0x00000000fe800000)
 ParOldGen       total 86016K, used 41762K [0x00000000c0000000, 0x00000000c5400000, 0x00000000eaa80000)
  object space 86016K, 48% used [0x00000000c0000000,0x00000000c28c89d8,0x00000000c5400000)
 PSPermGen       total 89088K, used 51525K [0x00000000b0000000, 0x00000000b5700000, 0x00000000c0000000)
  object space 89088K, 57% used [0x00000000b0000000,0x00000000b32517e8,0x00000000b5700000)
GC Heap History (10 events):
Event: 11.754 GC heap before
{Heap before GC invocations=7 (full 0):
 PSYoungGen      total 143360K, used 138704K [0x00000000eaa80000, 0x00000000f4080000, 0x0000000100000000)
  eden space 133120K, 100% used [0x00000000eaa80000,0x00000000f2c80000,0x00000000f2c80000)
  from space 10240K, 54% used [0x00000000f3680000,0x00000000f3bf4120,0x00000000f4080000)
  to   space 10240K, 0% used [0x00000000f2c80000,0x00000000f2c80000,0x00000000f3680000)
 ParOldGen       total 86016K, used 9237K [0x00000000c0000000, 0x00000000c5400000, 0x00000000eaa80000)
  object space 86016K, 10% used [0x00000000c0000000,0x00000000c0905498,0x00000000c5400000)
 PSPermGen       total 22016K, used 21510K [0x00000000b0000000, 0x00000000b1580000, 0x00000000c0000000)
  object space 22016K, 97% used [0x00000000b0000000,0x00000000b15019b0,0x00000000b1580000)
Event: 11.823 GC heap after
Heap after GC invocations=7 (full 0):
 PSYoungGen      total 143360K, used 3796K [0x00000000eaa80000, 0x00000000fc280000, 0x0000000100000000)
  eden space 133120K, 0% used [0x00000000eaa80000,0x00000000eaa80000,0x00000000f2c80000)
  from space 10240K, 37% used [0x00000000f2c80000,0x00000000f30350e0,0x00000000f3680000)
  to   space 10240K, 0% used [0x00000000fb880000,0x00000000fb880000,0x00000000fc280000)
 ParOldGen       total 86016K, used 11508K [0x00000000c0000000, 0x00000000c5400000, 0x00000000eaa80000)
  object space 86016K, 13% used [0x00000000c0000000,0x00000000c0b3d0c0,0x00000000c5400000)
 PSPermGen       total 22016K, used 21510K [0x00000000b0000000, 0x00000000b1580000, 0x00000000c0000000)
  object space 22016K, 97% used [0x00000000b0000000,0x00000000b15019b0,0x00000000b1580000)
}
Event: 15.403 GC heap before
{Heap before GC invocations=8 (full 0):
 PSYoungGen      total 143360K, used 136916K [0x00000000eaa80000, 0x00000000fc280000, 0x0000000100000000)
  eden space 133120K, 100% used [0x00000000eaa80000,0x00000000f2c80000,0x00000000f2c80000)
  from space 10240K, 37% used [0x00000000f2c80000,0x00000000f30350e0,0x00000000f3680000)
  to   space 10240K, 0% used [0x00000000fb880000,0x00000000fb880000,0x00000000fc280000)
 ParOldGen       total 86016K, used 11508K [0x00000000c0000000, 0x00000000c5400000, 0x00000000eaa80000)
  object space 86016K, 13% used [0x00000000c0000000,0x00000000c0b3d0c0,0x00000000c5400000)
 PSPermGen       total 28160K, used 27780K [0x00000000b0000000, 0x00000000b1b80000, 0x00000000c0000000)
  object space 28160K, 98% used [0x00000000b0000000,0x00000000b1b21248,0x00000000b1b80000)
Event: 15.460 GC heap after
Heap after GC invocations=8 (full 0):
 PSYoungGen      total 273408K, used 10217K [0x00000000eaa80000, 0x00000000fc880000, 0x0000000100000000)
  eden space 263168K, 0% used [0x00000000eaa80000,0x00000000eaa80000,0x00000000fab80000)
  from space 10240K, 99% used [0x00000000fb880000,0x00000000fc27a608,0x00000000fc280000)
  to   space 13312K, 0% used [0x00000000fab80000,0x00000000fab80000,0x00000000fb880000)
 ParOldGen       total 86016K, used 15406K [0x00000000c0000000, 0x00000000c5400000, 0x00000000eaa80000)
  object space 86016K, 17% used [0x00000000c0000000,0x00000000c0f0b8a8,0x00000000c5400000)
 PSPermGen       total 28160K, used 27780K [0x00000000b0000000, 0x00000000b1b80000, 0x00000000c0000000)
  object space 28160K, 98% used [0x00000000b0000000,0x00000000b1b21248,0x00000000b1b80000)
}
Event: 23.321 GC heap before
{Heap before GC invocations=9 (full 0):
 PSYoungGen      total 273408K, used 273385K [0x00000000eaa80000, 0x00000000fc880000, 0x0000000100000000)
  eden space 263168K, 100% used [0x00000000eaa80000,0x00000000fab80000,0x00000000fab80000)
  from space 10240K, 99% used [0x00000000fb880000,0x00000000fc27a608,0x00000000fc280000)
  to   space 13312K, 0% used [0x00000000fab80000,0x00000000fab80000,0x00000000fb880000)
 ParOldGen       total 86016K, used 15406K [0x00000000c0000000, 0x00000000c5400000, 0x00000000eaa80000)
  object space 86016K, 17% used [0x00000000c0000000,0x00000000c0f0b8a8,0x00000000c5400000)
 PSPermGen       total 41472K, used 41338K [0x00000000b0000000, 0x00000000b2880000, 0x00000000c0000000)
  object space 41472K, 99% used [0x00000000b0000000,0x00000000b285e840,0x00000000b2880000)
Event: 23.357 GC heap after
Heap after GC invocations=9 (full 0):
 PSYoungGen      total 276480K, used 13295K [0x00000000eaa80000, 0x0000000100000000, 0x0000000100000000)
  eden space 263168K, 0% used [0x00000000eaa80000,0x00000000eaa80000,0x00000000fab80000)
  from space 13312K, 99% used [0x00000000fab80000,0x00000000fb87bf48,0x00000000fb880000)
  to   space 24064K, 0% used [0x00000000fe880000,0x00000000fe880000,0x0000000100000000)
 ParOldGen       total 86016K, used 37259K [0x00000000c0000000, 0x00000000c5400000, 0x00000000eaa80000)
  object space 86016K, 43% used [0x00000000c0000000,0x00000000c2462cd8,0x00000000c5400000)
 PSPermGen       total 41472K, used 41338K [0x00000000b0000000, 0x00000000b2880000, 0x00000000c0000000)
  object space 41472K, 99% used [0x00000000b0000000,0x00000000b285e840,0x00000000b2880000)
}
Event: 25.940 GC heap before
{Heap before GC invocations=10 (full 0):
 PSYoungGen      total 276480K, used 66086K [0x00000000eaa80000, 0x0000000100000000, 0x0000000100000000)
  eden space 263168K, 20% used [0x00000000eaa80000,0x00000000ede0d8d8,0x00000000fab80000)
  from space 13312K, 99% used [0x00000000fab80000,0x00000000fb87bf48,0x00000000fb880000)
  to   space 24064K, 0% used [0x00000000fe880000,0x00000000fe880000,0x0000000100000000)
 ParOldGen       total 86016K, used 37259K [0x00000000c0000000, 0x00000000c5400000, 0x00000000eaa80000)
  object space 86016K, 43% used [0x00000000c0000000,0x00000000c2462cd8,0x00000000c5400000)
 PSPermGen       total 45056K, used 44548K [0x00000000b0000000, 0x00000000b2c00000, 0x00000000c0000000)
  object space 45056K, 98% used [0x00000000b0000000,0x00000000b2b81178,0x00000000b2c00000)
Event: 25.984 GC heap after
Heap after GC invocations=10 (full 0):
 PSYoungGen      total 324608K, used 15741K [0x00000000eaa80000, 0x0000000100000000, 0x0000000100000000)
  eden space 300544K, 0% used [0x00000000eaa80000,0x00000000eaa80000,0x00000000fd000000)
  from space 24064K, 65% used [0x00000000fe880000,0x00000000ff7df5a8,0x0000000100000000)
  to   space 24576K, 0% used [0x00000000fd000000,0x00000000fd000000,0x00000000fe800000)
 ParOldGen       total 86016K, used 40773K [0x00000000c0000000, 0x00000000c5400000, 0x00000000eaa80000)
  object space 86016K, 47% used [0x00000000c0000000,0x00000000c27d1628,0x00000000c5400000)
 PSPermGen       total 45056K, used 44548K [0x00000000b0000000, 0x00000000b2c00000, 0x00000000c0000000)
  object space 45056K, 98% used [0x00000000b0000000,0x00000000b2b81178,0x00000000b2c00000)
}
Event: 25.984 GC heap before
{Heap before GC invocations=11 (full 1):
 PSYoungGen      total 324608K, used 15741K [0x00000000eaa80000, 0x0000000100000000, 0x0000000100000000)
  eden space 300544K, 0% used [0x00000000eaa80000,0x00000000eaa80000,0x00000000fd000000)
  from space 24064K, 65% used [0x00000000fe880000,0x00000000ff7df5a8,0x0000000100000000)
  to   space 24576K, 0% used [0x00000000fd000000,0x00000000fd000000,0x00000000fe800000)
 ParOldGen       total 86016K, used 40773K [0x00000000c0000000, 0x00000000c5400000, 0x00000000eaa80000)
  object space 86016K, 47% used [0x00000000c0000000,0x00000000c27d1628,0x00000000c5400000)
 PSPermGen       total 45056K, used 44548K [0x00000000b0000000, 0x00000000b2c00000, 0x00000000c0000000)
  object space 45056K, 98% used [0x00000000b0000000,0x00000000b2b81178,0x00000000b2c00000)
Event: 26.297 GC heap after
Heap after GC invocations=11 (full 1):
 PSYoungGen      total 324608K, used 0K [0x00000000eaa80000, 0x0000000100000000, 0x0000000100000000)
  eden space 300544K, 0% used [0x00000000eaa80000,0x00000000eaa80000,0x00000000fd000000)
  from space 24064K, 0% used [0x00000000fe880000,0x00000000fe880000,0x0000000100000000)
  to   space 24576K, 0% used [0x00000000fd000000,0x00000000fd000000,0x00000000fe800000)
 ParOldGen       total 86016K, used 41762K [0x00000000c0000000, 0x00000000c5400000, 0x00000000eaa80000)
  object space 86016K, 48% used [0x00000000c0000000,0x00000000c28c89d8,0x00000000c5400000)
 PSPermGen       total 89088K, used 44488K [0x00000000b0000000, 0x00000000b5700000, 0x00000000c0000000)
  object space 89088K, 49% used [0x00000000b0000000,0x00000000b2b72220,0x00000000b5700000)
}

