# JRE version: Java(TM) SE Runtime Environment (7.0_80-b15) (build 1.7.0_80-b15)
# Java VM: Java HotSpot(TM) 64-Bit Server VM (24.80-b11 mixed mode windows-amd64 compressed oops)
Heap
 PSYoungGen      total 321536K, used 37341K [0x00000000eaa80000, 0x0000000100000000, 0x0000000100000000)
  eden space 295424K, 6% used [0x00000000eaa80000,0x00000000ebcad250,0x00000000fcb00000)
  from space 26112K, 71% used [0x00000000fe680000,0x00000000ff8ca550,0x0000000100000000)
  to   space 27136K, 0% used [0x00000000fcb00000,0x00000000fcb00000,0x00000000fe580000)
 ParOldGen       total 86016K, used 58019K [0x00000000c0000000, 0x00000000c5400000, 0x00000000eaa80000)
  object space 86016K, 67% used [0x00000000c0000000,0x00000000c38a8e08,0x00000000c5400000)
 PSPermGen       total 89600K, used 57925K [0x00000000b0000000, 0x00000000b5780000, 0x00000000c0000000)
  object space 89600K, 64% used [0x00000000b0000000,0x00000000b38916b0,0x00000000b5780000)
GC Heap History (10 events):
Event: 14.471 GC heap before
{Heap before GC invocations=9 (full 0):
 PSYoungGen      total 272896K, used 272886K [0x00000000eaa80000, 0x00000000fc680000, 0x0000000100000000)
  eden space 262656K, 100% used [0x00000000eaa80000,0x00000000fab00000,0x00000000fab00000)
  from space 10240K, 99% used [0x00000000fb780000,0x00000000fc17da50,0x00000000fc180000)
  to   space 12800K, 0% used [0x00000000fab00000,0x00000000fab00000,0x00000000fb780000)
 ParOldGen       total 86016K, used 14956K [0x00000000c0000000, 0x00000000c5400000, 0x00000000eaa80000)
  object space 86016K, 17% used [0x00000000c0000000,0x00000000c0e9b390,0x00000000c5400000)
 PSPermGen       total 39936K, used 39433K [0x00000000b0000000, 0x00000000b2700000, 0x00000000c0000000)
  object space 39936K, 98% used [0x00000000b0000000,0x00000000b26826a8,0x00000000b2700000)
Event: 14.504 GC heap after
Heap after GC invocations=9 (full 0):
 PSYoungGen      total 275456K, used 12799K [0x00000000eaa80000, 0x0000000100000000, 0x0000000100000000)
  eden space 262656K, 0% used [0x00000000eaa80000,0x00000000eaa80000,0x00000000fab00000)
  from space 12800K, 99% used [0x00000000fab00000,0x00000000fb77ff38,0x00000000fb780000)
  to   space 23040K, 0% used [0x00000000fe980000,0x00000000fe980000,0x0000000100000000)
 ParOldGen       total 86016K, used 36362K [0x00000000c0000000, 0x00000000c5400000, 0x00000000eaa80000)
  object space 86016K, 42% used [0x00000000c0000000,0x00000000c2382890,0x00000000c5400000)
 PSPermGen       total 39936K, used 39433K [0x00000000b0000000, 0x00000000b2700000, 0x00000000c0000000)
  object space 39936K, 98% used [0x00000000b0000000,0x00000000b26826a8,0x00000000b2700000)
}
Event: 17.406 GC heap before
{Heap before GC invocations=10 (full 0):
 PSYoungGen      total 275456K, used 86065K [0x00000000eaa80000, 0x0000000100000000, 0x0000000100000000)
  eden space 262656K, 27% used [0x00000000eaa80000,0x00000000ef20c5c0,0x00000000fab00000)
  from space 12800K, 99% used [0x00000000fab00000,0x00000000fb77ff38,0x00000000fb780000)
  to   space 23040K, 0% used [0x00000000fe980000,0x00000000fe980000,0x0000000100000000)
 ParOldGen       total 86016K, used 36362K [0x00000000c0000000, 0x00000000c5400000, 0x00000000eaa80000)
  object space 86016K, 42% used [0x00000000c0000000,0x00000000c2382890,0x00000000c5400000)
 PSPermGen       total 45056K, used 44599K [0x00000000b0000000, 0x00000000b2c00000, 0x00000000c0000000)
  object space 45056K, 98% used [0x00000000b0000000,0x00000000b2b8ddd0,0x00000000b2c00000)
Event: 17.429 GC heap after
Heap after GC invocations=10 (full 0):
 PSYoungGen      total 323584K, used 18013K [0x00000000eaa80000, 0x0000000100000000, 0x0000000100000000)
  eden space 300544K, 0% used [0x00000000eaa80000,0x00000000eaa80000,0x00000000fd000000)
  from space 23040K, 78% used [0x00000000fe980000,0x00000000ffb175a8,0x0000000100000000)
  to   space 24576K, 0% used [0x00000000fd000000,0x00000000fd000000,0x00000000fe800000)
 ParOldGen       total 86016K, used 39196K [0x00000000c0000000, 0x00000000c5400000, 0x00000000eaa80000)
  object space 86016K, 45% used [0x00000000c0000000,0x00000000c2647040,0x00000000c5400000)
 PSPermGen       total 45056K, used 44599K [0x00000000b0000000, 0x00000000b2c00000, 0x00000000c0000000)
  object space 45056K, 98% used [0x00000000b0000000,0x00000000b2b8ddd0,0x00000000b2c00000)
}
Event: 17.429 GC heap before
{Heap before GC invocations=11 (full 1):
 PSYoungGen      total 323584K, used 18013K [0x00000000eaa80000, 0x0000000100000000, 0x0000000100000000)
  eden space 300544K, 0% used [0x00000000eaa80000,0x00000000eaa80000,0x00000000fd000000)
  from space 23040K, 78% used [0x00000000fe980000,0x00000000ffb175a8,0x0000000100000000)
  to   space 24576K, 0% used [0x00000000fd000000,0x00000000fd000000,0x00000000fe800000)
 ParOldGen       total 86016K, used 39196K [0x00000000c0000000, 0x00000000c5400000, 0x00000000eaa80000)
  object space 86016K, 45% used [0x00000000c0000000,0x00000000c2647040,0x00000000c5400000)
 PSPermGen       total 45056K, used 44599K [0x00000000b0000000, 0x00000000b2c00000, 0x00000000c0000000)
  object space 45056K, 98% used [0x00000000b0000000,0x00000000b2b8ddd0,0x00000000b2c00000)
Event: 17.743 GC heap after
Heap after GC invocations=11 (full 1):
 PSYoungGen      total 323584K, used 0K [0x00000000eaa80000, 0x0000000100000000, 0x0000000100000000)
  eden space 300544K, 0% used [0x00000000eaa80000,0x00000000eaa80000,0x00000000fd000000)
  from space 23040K, 0% used [0x00000000fe980000,0x00000000fe980000,0x0000000100000000)
  to   space 24576K, 0% used [0x00000000fd000000,0x00000000fd000000,0x00000000fe800000)
 ParOldGen       total 86016K, used 46411K [0x00000000c0000000, 0x00000000c5400000, 0x00000000eaa80000)
  object space 86016K, 53% used [0x00000000c0000000,0x00000000c2d52c80,0x00000000c5400000)
 PSPermGen       total 89600K, used 44503K [0x00000000b0000000, 0x00000000b5780000, 0x00000000c0000000)
  object space 89600K, 49% used [0x00000000b0000000,0x00000000b2b75fd8,0x00000000b5780000)
}
Event: 2012.041 GC heap before
{Heap before GC invocations=12 (full 1):
 PSYoungGen      total 323584K, used 300544K [0x00000000eaa80000, 0x0000000100000000, 0x0000000100000000)
  eden space 300544K, 100% used [0x00000000eaa80000,0x00000000fd000000,0x00000000fd000000)
  from space 23040K, 0% used [0x00000000fe980000,0x00000000fe980000,0x0000000100000000)
  to   space 24576K, 0% used [0x00000000fd000000,0x00000000fd000000,0x00000000fe800000)
 ParOldGen       total 86016K, used 46411K [0x00000000c0000000, 0x00000000c5400000, 0x00000000eaa80000)
  object space 86016K, 53% used [0x00000000c0000000,0x00000000c2d52c80,0x00000000c5400000)
 PSPermGen       total 89600K, used 51836K [0x00000000b0000000, 0x00000000b5780000, 0x00000000c0000000)
  object space 89600K, 57% used [0x00000000b0000000,0x00000000b329f3d0,0x00000000b5780000)
Event: 2012.075 GC heap after
Heap after GC invocations=12 (full 1):
 PSYoungGen      total 318976K, used 18403K [0x00000000eaa80000, 0x0000000100000000, 0x0000000100000000)
  eden space 300544K, 0% used [0x00000000eaa80000,0x00000000eaa80000,0x00000000fd000000)
  from space 18432K, 99% used [0x00000000fd000000,0x00000000fe1f8f30,0x00000000fe200000)
  to   space 26112K, 0% used [0x00000000fe680000,0x00000000fe680000,0x0000000100000000)
 ParOldGen       total 86016K, used 46419K [0x00000000c0000000, 0x00000000c5400000, 0x00000000eaa80000)
  object space 86016K, 53% used [0x00000000c0000000,0x00000000c2d54c80,0x00000000c5400000)
 PSPermGen       total 89600K, used 51836K [0x00000000b0000000, 0x00000000b5780000, 0x00000000c0000000)
  object space 89600K, 57% used [0x00000000b0000000,0x00000000b329f3d0,0x00000000b5780000)
}
Event: 2020.413 GC heap before
{Heap before GC invocations=13 (full 1):
 PSYoungGen      total 318976K, used 318947K [0x00000000eaa80000, 0x0000000100000000, 0x0000000100000000)
  eden space 300544K, 100% used [0x00000000eaa80000,0x00000000fd000000,0x00000000fd000000)
  from space 18432K, 99% used [0x00000000fd000000,0x00000000fe1f8f30,0x00000000fe200000)
  to   space 26112K, 0% used [0x00000000fe680000,0x00000000fe680000,0x0000000100000000)
 ParOldGen       total 86016K, used 46419K [0x00000000c0000000, 0x00000000c5400000, 0x00000000eaa80000)
  object space 86016K, 53% used [0x00000000c0000000,0x00000000c2d54c80,0x00000000c5400000)
 PSPermGen       total 89600K, used 57429K [0x00000000b0000000, 0x00000000b5780000, 0x00000000c0000000)
  object space 89600K, 64% used [0x00000000b0000000,0x00000000b38157f8,0x00000000b5780000)
Event: 2020.716 GC heap after
Heap after GC invocations=13 (full 1):
 PSYoungGen      total 321536K, used 18729K [0x00000000eaa80000, 0x0000000100000000, 0x0000000100000000)
  eden space 295424K, 0% used [0x00000000eaa80000,0x00000000eaa80000,0x00000000fcb00000)
  from space 26112K, 71% used [0x00000000fe680000,0x00000000ff8ca550,0x0000000100000000)
  to   space 27136K, 0% used [0x00000000fcb00000,0x00000000fcb00000,0x00000000fe580000)
 ParOldGen       total 86016K, used 58019K [0x00000000c0000000, 0x00000000c5400000, 0x00000000eaa80000)
  object space 86016K, 67% used [0x00000000c0000000,0x00000000c38a8e08,0x00000000c5400000)
 PSPermGen       total 89600K, used 57429K [0x00000000b0000000, 0x00000000b5780000, 0x00000000c0000000)
  object space 89600K, 64% used [0x00000000b0000000,0x00000000b38157f8,0x00000000b5780000)
}

